<?xml version="1.0" encoding="UTF-8"?>
<testsuite name="org.amaap.troopsimulator.domain.ArmyCampTest" tests="3" skipped="0" failures="0" errors="0" timestamp="2024-04-07T10:32:35" hostname="LAPTOP-205J7BQ6" time="0.007">
  <properties/>
  <testcase name="shouldBeAbleToReturnValidTrooperCount()" classname="org.amaap.troopsimulator.domain.ArmyCampTest" time="0.001"/>
  <testcase name="shouldBeAbleToReceiveTrainedTroops()" classname="org.amaap.troopsimulator.domain.ArmyCampTest" time="0.002"/>
  <testcase name="shouldBeAbleReturnEmptyListsIfNoTroopsReceived()" classname="org.amaap.troopsimulator.domain.ArmyCampTest" time="0.001"/>
  <system-out><![CDATA[]]></system-out>
  <system-err><![CDATA[]]></system-err>
</testsuite>
