<?xml version="1.0" encoding="UTF-8"?>
<testsuite name="org.amaap.troopsimulator.domain.BarrackTest" tests="3" skipped="0" failures="0" errors="0" timestamp="2024-04-07T10:32:30" hostname="LAPTOP-205J7BQ6" time="5.398">
  <properties/>
  <testcase name="shouldBeAbleToTrainBothArcherAndBarbarianInGivenTimeWhenSentToBarrack()" classname="org.amaap.troopsimulator.domain.BarrackTest" time="0.082"/>
  <testcase name="shouldBeAbleToTrainBarbarianInGivenTimeWhenSentToBarrack()" classname="org.amaap.troopsimulator.domain.BarrackTest" time="2.089"/>
  <testcase name="shouldBeAbleToTrainArcherInGivenTimeWhenIsSentToBarrack()" classname="org.amaap.troopsimulator.domain.BarrackTest" time="3.223"/>
  <system-out><![CDATA[]]></system-out>
  <system-err><![CDATA[]]></system-err>
</testsuite>
