<?xml version="1.0" encoding="UTF-8"?>
<testsuite name="org.amaap.troopsimulator.service.TroopServiceTest" tests="3" skipped="0" failures="0" errors="0" timestamp="2024-04-06T06:29:17" hostname="LAPTOP-205J7BQ6" time="0.031">
  <properties/>
  <testcase name="shouldThrowAnInvalidTroopCountException()" classname="org.amaap.troopsimulator.service.TroopServiceTest" time="0.018"/>
  <testcase name="shouldBeAbleToTrainTroopWithValidInputs()" classname="org.amaap.troopsimulator.service.TroopServiceTest" time="0.002"/>
  <testcase name="shouldThrowAnInvalidTroopTypeException()" classname="org.amaap.troopsimulator.service.TroopServiceTest" time="0.005"/>
  <system-out><![CDATA[]]></system-out>
  <system-err><![CDATA[]]></system-err>
</testsuite>
