<?xml version="1.0" encoding="UTF-8"?>
<testsuite name="org.amaap.troopsimulator.domain.service.TrainTroopTest" tests="2" skipped="0" failures="0" errors="0" timestamp="2024-04-06T13:57:50" hostname="RAHULSLAPPY" time="0.036">
  <properties/>
  <testcase name="shouldBeAbleCreateTheNumberOfBarbarianTroopsBeforeTraining()" classname="org.amaap.troopsimulator.domain.service.TrainTroopTest" time="0.03"/>
  <testcase name="shouldBeAbleCreateTheNumberOfArcherTroopsBeforeTraining()" classname="org.amaap.troopsimulator.domain.service.TrainTroopTest" time="0.003"/>
  <system-out><![CDATA[[org.amaap.troopsimulator.domain.model.Barbarian@428, org.amaap.troopsimulator.domain.model.Barbarian@428, org.amaap.troopsimulator.domain.model.Barbarian@428, org.amaap.troopsimulator.domain.model.Barbarian@428, org.amaap.troopsimulator.domain.model.Barbarian@428, org.amaap.troopsimulator.domain.model.Barbarian@428, org.amaap.troopsimulator.domain.model.Barbarian@428, org.amaap.troopsimulator.domain.model.Barbarian@428, org.amaap.troopsimulator.domain.model.Barbarian@428, org.amaap.troopsimulator.domain.model.Barbarian@428, org.amaap.troopsimulator.domain.model.Barbarian@428, org.amaap.troopsimulator.domain.model.Barbarian@428, org.amaap.troopsimulator.domain.model.Barbarian@428, org.amaap.troopsimulator.domain.model.Barbarian@428, org.amaap.troopsimulator.domain.model.Barbarian@428, org.amaap.troopsimulator.domain.model.Barbarian@428, org.amaap.troopsimulator.domain.model.Barbarian@428, org.amaap.troopsimulator.domain.model.Barbarian@428, org.amaap.troopsimulator.domain.model.Barbarian@428, org.amaap.troopsimulator.domain.model.Barbarian@428]
[org.amaap.troopsimulator.domain.model.Archer@48f, org.amaap.troopsimulator.domain.model.Archer@48f, org.amaap.troopsimulator.domain.model.Archer@48f, org.amaap.troopsimulator.domain.model.Archer@48f, org.amaap.troopsimulator.domain.model.Archer@48f, org.amaap.troopsimulator.domain.model.Archer@48f, org.amaap.troopsimulator.domain.model.Archer@48f, org.amaap.troopsimulator.domain.model.Archer@48f, org.amaap.troopsimulator.domain.model.Archer@48f, org.amaap.troopsimulator.domain.model.Archer@48f, org.amaap.troopsimulator.domain.model.Archer@48f, org.amaap.troopsimulator.domain.model.Archer@48f, org.amaap.troopsimulator.domain.model.Archer@48f, org.amaap.troopsimulator.domain.model.Archer@48f, org.amaap.troopsimulator.domain.model.Archer@48f, org.amaap.troopsimulator.domain.model.Archer@48f, org.amaap.troopsimulator.domain.model.Archer@48f, org.amaap.troopsimulator.domain.model.Archer@48f, org.amaap.troopsimulator.domain.model.Archer@48f, org.amaap.troopsimulator.domain.model.Archer@48f, org.amaap.troopsimulator.domain.model.Archer@48f, org.amaap.troopsimulator.domain.model.Archer@48f, org.amaap.troopsimulator.domain.model.Archer@48f, org.amaap.troopsimulator.domain.model.Archer@48f, org.amaap.troopsimulator.domain.model.Archer@48f, org.amaap.troopsimulator.domain.model.Archer@48f, org.amaap.troopsimulator.domain.model.Archer@48f, org.amaap.troopsimulator.domain.model.Archer@48f, org.amaap.troopsimulator.domain.model.Archer@48f, org.amaap.troopsimulator.domain.model.Archer@48f]
]]></system-out>
  <system-err><![CDATA[]]></system-err>
</testsuite>
