<?xml version="1.0" encoding="UTF-8"?>
<testsuite name="org.amaap.troopsimulator.domain.BarrackTest" tests="3" skipped="0" failures="0" errors="0" timestamp="2024-04-07T19:44:52" hostname="LAPTOP-205J7BQ6" time="5.39">
  <properties/>
  <testcase name="shouldBeAbleToTrainBothArcherAndBarbarianInGivenTimeWhenSentToBarrack()" classname="org.amaap.troopsimulator.domain.BarrackTest" time="0.053"/>
  <testcase name="shouldBeAbleToTrainBarbarianInGivenTimeWhenSentToBarrack()" classname="org.amaap.troopsimulator.domain.BarrackTest" time="2.1"/>
  <testcase name="shouldBeAbleToTrainArcherInGivenTimeWhenIsSentToBarrack()" classname="org.amaap.troopsimulator.domain.BarrackTest" time="3.234"/>
  <system-out><![CDATA[]]></system-out>
  <system-err><![CDATA[]]></system-err>
</testsuite>
