<?xml version="1.0" encoding="UTF-8"?>
<testsuite name="org.amaap.troopsimulator.domain.BarrackTest" tests="2" skipped="0" failures="0" errors="0" timestamp="2024-04-06T13:57:50" hostname="RAHULSLAPPY" time="0.021">
  <properties/>
  <testcase name="shouldBeAbleToGetTheTotalWaitingListWhenArcherIsSentToBarrack()" classname="org.amaap.troopsimulator.domain.BarrackTest" time="0.011"/>
  <testcase name="shouldBeAbleToGetTheTotalWaitingListWhenBarbarianIsSentToBarrack()" classname="org.amaap.troopsimulator.domain.BarrackTest" time="0.005"/>
  <system-out><![CDATA[]]></system-out>
  <system-err><![CDATA[]]></system-err>
</testsuite>
