<?xml version="1.0" encoding="UTF-8"?>
<testsuite name="org.amaap.troopsimulator.service.TroopServiceTest" tests="1" skipped="0" failures="0" errors="0" timestamp="2024-04-06T05:23:24" hostname="LAPTOP-205J7BQ6" time="0.003">
  <properties/>
  <testcase name="shouldBeAbleToTrainTroopWithValidInputs()" classname="org.amaap.troopsimulator.service.TroopServiceTest" time="0.003"/>
  <system-out><![CDATA[]]></system-out>
  <system-err><![CDATA[]]></system-err>
</testsuite>
