<?xml version="1.0" encoding="UTF-8"?>
<testsuite name="org.amaap.trooptraining.domain.TroopTrainingManagerTest" tests="2" skipped="0" failures="0" errors="0" timestamp="2024-03-24T15:23:31" hostname="LAPTOP-205J7BQ6" time="0.022">
  <properties/>
  <testcase name="shouldAbleToCreateTroopWithTypeBarbarian()" classname="org.amaap.trooptraining.domain.TroopTrainingManagerTest" time="0.018"/>
  <testcase name="shouldAbleToCreateTroopWithTypeArcher()" classname="org.amaap.trooptraining.domain.TroopTrainingManagerTest" time="0.002"/>
  <system-out><![CDATA[]]></system-out>
  <system-err><![CDATA[]]></system-err>
</testsuite>
