<?xml version="1.0" encoding="UTF-8"?>
<testsuite name="org.amaap.troopsimulator.domain.model.BarbarianTest" tests="2" skipped="0" failures="0" errors="0" timestamp="2024-04-07T19:44:58" hostname="LAPTOP-205J7BQ6" time="0.003">
  <properties/>
  <testcase name="shouldBeAbleToGetTheTrainingCost()" classname="org.amaap.troopsimulator.domain.model.BarbarianTest" time="0.001"/>
  <testcase name="shouldBeAbleToGetTheTrainingTime()" classname="org.amaap.troopsimulator.domain.model.BarbarianTest" time="0.001"/>
  <system-out><![CDATA[]]></system-out>
  <system-err><![CDATA[]]></system-err>
</testsuite>
