<?xml version="1.0" encoding="UTF-8"?>
<testsuite name="org.amaap.troopsimulator.controller.TrainControllerTest" tests="1" skipped="0" failures="0" errors="0" timestamp="2024-04-06T08:03:11" hostname="RAHULSLAPPY" time="0.097">
  <properties/>
  <testcase name="shouldBeAbleToTakeInputs()" classname="org.amaap.troopsimulator.controller.TrainControllerTest" time="0.097"/>
  <system-out><![CDATA[]]></system-out>
  <system-err><![CDATA[]]></system-err>
</testsuite>
