<?xml version="1.0" encoding="UTF-8"?>
<testsuite name="org.amaap.troopsimulator.domain.BarrackTest" tests="3" skipped="0" failures="0" errors="0" timestamp="2024-04-07T08:11:25" hostname="RAHULSLAPPY" time="28.599">
  <properties/>
  <testcase name="shouldBeAbleToTrainBothArcherAndBarbarianInGivenTimeWhenSentToBarrack()" classname="org.amaap.troopsimulator.domain.BarrackTest" time="4.104"/>
  <testcase name="shouldBeAbleToTrainBarbarianInGivenTimeWhenSentToBarrack()" classname="org.amaap.troopsimulator.domain.BarrackTest" time="6.249"/>
  <testcase name="shouldBeAbleToTrainArcherInGivenTimeWhenIsSentToBarrack()" classname="org.amaap.troopsimulator.domain.BarrackTest" time="18.238"/>
  <system-out><![CDATA[Barbarian 1 is training...
Archer 1 is training...
Barbarian 2 is training...
Archer 2 is training...
Barbarian 3 is training...
Archer 3 is training...
Barbarian 4 is training...
Archer 4 is training...
Barbarian 5 is training...
Total trained troops: 9
Total trained Barbarians: 5
Total trained Archers: 4
checking waiting list in train troop  before train :[Barbarian{id=6, trainingTime=3, trainingCost=10}, Barbarian{id=7, trainingTime=3, trainingCost=10}, Barbarian{id=8, trainingTime=3, trainingCost=10}, Barbarian{id=9, trainingTime=3, trainingCost=10}, Barbarian{id=10, trainingTime=3, trainingCost=10}, Barbarian{id=11, trainingTime=3, trainingCost=10}, Barbarian{id=12, trainingTime=3, trainingCost=10}, Barbarian{id=13, trainingTime=3, trainingCost=10}, Barbarian{id=14, trainingTime=3, trainingCost=10}, Barbarian{id=15, trainingTime=3, trainingCost=10}, Barbarian{id=16, trainingTime=3, trainingCost=10}, Barbarian{id=17, trainingTime=3, trainingCost=10}, Barbarian{id=18, trainingTime=3, trainingCost=10}, Barbarian{id=19, trainingTime=3, trainingCost=10}, Barbarian{id=20, trainingTime=3, trainingCost=10}, Barbarian{id=21, trainingTime=3, trainingCost=10}, Barbarian{id=22, trainingTime=3, trainingCost=10}, Barbarian{id=23, trainingTime=3, trainingCost=10}, Barbarian{id=24, trainingTime=3, trainingCost=10}, Barbarian{id=25, trainingTime=3, trainingCost=10}]
Barbarian 6 is training...
Barbarian 7 is training...
Barbarian 8 is training...
Barbarian 9 is training...
Barbarian 10 is training...
Barbarian 11 is training...
Barbarian 12 is training...
Barbarian 13 is training...
Barbarian 14 is training...
Barbarian 15 is training...
Barrack is full after training 10 troops. Remaining troops in the queue: Barbarian - 10, Archer - 0
Barbarian 16 is training...
Barbarian 17 is training...
Barbarian 18 is training...
Barbarian 19 is training...
Barbarian 20 is training...
Barbarian 21 is training...
Barbarian 22 is training...
Barbarian 23 is training...
Barbarian 24 is training...
Barbarian 25 is training...
Barrack is full after training 10 troops. Remaining troops in the queue: Barbarian - 0, Archer - 0
Total trained troops: 20
Total trained Barbarians: 20
[Barbarian{id=6, trainingTime=3, trainingCost=10}, Barbarian{id=7, trainingTime=3, trainingCost=10}, Barbarian{id=8, trainingTime=3, trainingCost=10}, Barbarian{id=9, trainingTime=3, trainingCost=10}, Barbarian{id=10, trainingTime=3, trainingCost=10}, Barbarian{id=11, trainingTime=3, trainingCost=10}, Barbarian{id=12, trainingTime=3, trainingCost=10}, Barbarian{id=13, trainingTime=3, trainingCost=10}, Barbarian{id=14, trainingTime=3, trainingCost=10}, Barbarian{id=15, trainingTime=3, trainingCost=10}, Barbarian{id=16, trainingTime=3, trainingCost=10}, Barbarian{id=17, trainingTime=3, trainingCost=10}, Barbarian{id=18, trainingTime=3, trainingCost=10}, Barbarian{id=19, trainingTime=3, trainingCost=10}, Barbarian{id=20, trainingTime=3, trainingCost=10}, Barbarian{id=21, trainingTime=3, trainingCost=10}, Barbarian{id=22, trainingTime=3, trainingCost=10}, Barbarian{id=23, trainingTime=3, trainingCost=10}, Barbarian{id=24, trainingTime=3, trainingCost=10}, Barbarian{id=25, trainingTime=3, trainingCost=10}]
checking waiting list in train troop is empty or not after train is done:[]
checking waiting list in train troop  before train :[Archer{id=5, trainingTime=6, trainingCost=20}, Archer{id=6, trainingTime=6, trainingCost=20}, Archer{id=7, trainingTime=6, trainingCost=20}, Archer{id=8, trainingTime=6, trainingCost=20}, Archer{id=9, trainingTime=6, trainingCost=20}, Archer{id=10, trainingTime=6, trainingCost=20}, Archer{id=11, trainingTime=6, trainingCost=20}, Archer{id=12, trainingTime=6, trainingCost=20}, Archer{id=13, trainingTime=6, trainingCost=20}, Archer{id=14, trainingTime=6, trainingCost=20}, Archer{id=15, trainingTime=6, trainingCost=20}, Archer{id=16, trainingTime=6, trainingCost=20}, Archer{id=17, trainingTime=6, trainingCost=20}, Archer{id=18, trainingTime=6, trainingCost=20}, Archer{id=19, trainingTime=6, trainingCost=20}, Archer{id=20, trainingTime=6, trainingCost=20}, Archer{id=21, trainingTime=6, trainingCost=20}, Archer{id=22, trainingTime=6, trainingCost=20}, Archer{id=23, trainingTime=6, trainingCost=20}, Archer{id=24, trainingTime=6, trainingCost=20}, Archer{id=25, trainingTime=6, trainingCost=20}, Archer{id=26, trainingTime=6, trainingCost=20}, Archer{id=27, trainingTime=6, trainingCost=20}, Archer{id=28, trainingTime=6, trainingCost=20}, Archer{id=29, trainingTime=6, trainingCost=20}, Archer{id=30, trainingTime=6, trainingCost=20}, Archer{id=31, trainingTime=6, trainingCost=20}, Archer{id=32, trainingTime=6, trainingCost=20}, Archer{id=33, trainingTime=6, trainingCost=20}, Archer{id=34, trainingTime=6, trainingCost=20}]
Archer 5 is training...
Archer 6 is training...
Archer 7 is training...
Archer 8 is training...
Archer 9 is training...
Archer 10 is training...
Archer 11 is training...
Archer 12 is training...
Archer 13 is training...
Archer 14 is training...
Barrack is full after training 10 troops. Remaining troops in the queue: Barbarian - 0, Archer - 20
Archer 15 is training...
Archer 16 is training...
Archer 17 is training...
Archer 18 is training...
Archer 19 is training...
Archer 20 is training...
Archer 21 is training...
Archer 22 is training...
Archer 23 is training...
Archer 24 is training...
Barrack is full after training 10 troops. Remaining troops in the queue: Barbarian - 0, Archer - 10
Archer 25 is training...
Archer 26 is training...
Archer 27 is training...
Archer 28 is training...
Archer 29 is training...
Archer 30 is training...
Archer 31 is training...
Archer 32 is training...
Archer 33 is training...
Archer 34 is training...
Barrack is full after training 10 troops. Remaining troops in the queue: Barbarian - 0, Archer - 0
Total trained troops: 30
Total trained Archers: 30
[Archer{id=5, trainingTime=6, trainingCost=20}, Archer{id=6, trainingTime=6, trainingCost=20}, Archer{id=7, trainingTime=6, trainingCost=20}, Archer{id=8, trainingTime=6, trainingCost=20}, Archer{id=9, trainingTime=6, trainingCost=20}, Archer{id=10, trainingTime=6, trainingCost=20}, Archer{id=11, trainingTime=6, trainingCost=20}, Archer{id=12, trainingTime=6, trainingCost=20}, Archer{id=13, trainingTime=6, trainingCost=20}, Archer{id=14, trainingTime=6, trainingCost=20}, Archer{id=15, trainingTime=6, trainingCost=20}, Archer{id=16, trainingTime=6, trainingCost=20}, Archer{id=17, trainingTime=6, trainingCost=20}, Archer{id=18, trainingTime=6, trainingCost=20}, Archer{id=19, trainingTime=6, trainingCost=20}, Archer{id=20, trainingTime=6, trainingCost=20}, Archer{id=21, trainingTime=6, trainingCost=20}, Archer{id=22, trainingTime=6, trainingCost=20}, Archer{id=23, trainingTime=6, trainingCost=20}, Archer{id=24, trainingTime=6, trainingCost=20}, Archer{id=25, trainingTime=6, trainingCost=20}, Archer{id=26, trainingTime=6, trainingCost=20}, Archer{id=27, trainingTime=6, trainingCost=20}, Archer{id=28, trainingTime=6, trainingCost=20}, Archer{id=29, trainingTime=6, trainingCost=20}, Archer{id=30, trainingTime=6, trainingCost=20}, Archer{id=31, trainingTime=6, trainingCost=20}, Archer{id=32, trainingTime=6, trainingCost=20}, Archer{id=33, trainingTime=6, trainingCost=20}, Archer{id=34, trainingTime=6, trainingCost=20}]
checking waiting list in train troop is empty or not after train is done:[]
]]></system-out>
  <system-err><![CDATA[]]></system-err>
</testsuite>
