<?xml version="1.0" encoding="UTF-8"?>
<testsuite name="org.amaap.troopsimulator.domain.service.ViewTroopTest" tests="3" skipped="0" failures="0" errors="0" timestamp="2024-04-07T19:44:58" hostname="LAPTOP-205J7BQ6" time="0.007">
  <properties/>
  <testcase name="shouldBeAbleToViewCombinedTrainedTroops()" classname="org.amaap.troopsimulator.domain.service.ViewTroopTest" time="0.004"/>
  <testcase name="shouldBeAbleToViewTrainedBarbarians()" classname="org.amaap.troopsimulator.domain.service.ViewTroopTest" time="0.001"/>
  <testcase name="shouldBeAbleToViewTrainedArchers()" classname="org.amaap.troopsimulator.domain.service.ViewTroopTest" time="0.001"/>
  <system-out><![CDATA[]]></system-out>
  <system-err><![CDATA[]]></system-err>
</testsuite>
