<?xml version="1.0" encoding="UTF-8"?>
<testsuite name="org.amaap.troopsimulator.domain.model.ArcherTest" tests="2" skipped="0" failures="0" errors="0" timestamp="2024-04-06T13:57:50" hostname="RAHULSLAPPY" time="0.013">
  <properties/>
  <testcase name="shouldBeAbleToGetTheTrainingCost()" classname="org.amaap.troopsimulator.domain.model.ArcherTest" time="0.003"/>
  <testcase name="shouldBeAbleToGetTheTrainingTime()" classname="org.amaap.troopsimulator.domain.model.ArcherTest" time="0.003"/>
  <system-out><![CDATA[]]></system-out>
  <system-err><![CDATA[]]></system-err>
</testsuite>
