<?xml version="1.0" encoding="UTF-8"?>
<testsuite name="org.amaap.troopsimulator.domain.service.TrainTroopTest" tests="2" skipped="0" failures="0" errors="0" timestamp="2024-04-07T19:44:58" hostname="LAPTOP-205J7BQ6" time="0.005">
  <properties/>
  <testcase name="shouldBeAbleCreateTheNumberOfBarbarianTroopsBeforeTraining()" classname="org.amaap.troopsimulator.domain.service.TrainTroopTest" time="0.003"/>
  <testcase name="shouldBeAbleCreateTheNumberOfArcherTroopsBeforeTraining()" classname="org.amaap.troopsimulator.domain.service.TrainTroopTest" time="0.001"/>
  <system-out><![CDATA[]]></system-out>
  <system-err><![CDATA[]]></system-err>
</testsuite>
