<?xml version="1.0" encoding="UTF-8"?>
<testsuite name="org.amaap.troopsimulator.controller.ViewControllerTest" tests="1" skipped="0" failures="0" errors="0" timestamp="2024-04-07T19:44:52" hostname="LAPTOP-205J7BQ6" time="0.045">
  <properties/>
  <testcase name="shouldBeAbleToGetTheTrainedTrooperData()" classname="org.amaap.troopsimulator.controller.ViewControllerTest" time="0.045"/>
  <system-out><![CDATA[]]></system-out>
  <system-err><![CDATA[]]></system-err>
</testsuite>
